# JRE version: OpenJDK Runtime Environment (11.0.12+7) (build 11.0.12+7-b1504.28-7817840)
# Java VM: OpenJDK 64-Bit Server VM (11.0.12+7-b1504.28-7817840, mixed mode, tiered, compressed oops, g1 gc, windows-amd64)
Heap:
 garbage-first heap   total 416768K, used 238096K [0x0000000080000000, 0x0000000100000000)
  region size 1024K, 2 young (2048K), 2 survivors (2048K)
 Metaspace       used 145375K, capacity 149673K, committed 149888K, reserved 1179648K
  class space    used 18151K, capacity 19724K, committed 19840K, reserved 1048576K
GC Heap History (20 events):
Event: 1519.621 GC heap after
{Heap after GC invocations=64 (full 0):
 garbage-first heap   total 262144K, used 178819K [0x0000000080000000, 0x0000000100000000)
  region size 1024K, 2 young (2048K), 2 survivors (2048K)
 Metaspace       used 142772K, capacity 146989K, committed 147200K, reserved 1177600K
  class space    used 17904K, capacity 19421K, committed 19456K, reserved 1048576K
}
Event: 1519.887 GC heap before
{Heap before GC invocations=65 (full 0):
 garbage-first heap   total 262144K, used 228995K [0x0000000080000000, 0x0000000100000000)
  region size 1024K, 51 young (52224K), 2 survivors (2048K)
 Metaspace       used 142829K, capacity 147054K, committed 147200K, reserved 1177600K
  class space    used 17910K, capacity 19421K, committed 19456K, reserved 1048576K
}
Event: 1519.890 GC heap after
{Heap after GC invocations=66 (full 0):
 garbage-first heap   total 262144K, used 179001K [0x0000000080000000, 0x0000000100000000)
  region size 1024K, 2 young (2048K), 2 survivors (2048K)
 Metaspace       used 142829K, capacity 147054K, committed 147200K, reserved 1177600K
  class space    used 17910K, capacity 19421K, committed 19456K, reserved 1048576K
}
Event: 1519.945 GC heap before
{Heap before GC invocations=66 (full 0):
 garbage-first heap   total 262144K, used 189241K [0x0000000080000000, 0x0000000100000000)
  region size 1024K, 12 young (12288K), 2 survivors (2048K)
 Metaspace       used 142829K, capacity 147054K, committed 147200K, reserved 1177600K
  class space    used 17910K, capacity 19421K, committed 19456K, reserved 1048576K
}
Event: 1519.950 GC heap after
{Heap after GC invocations=67 (full 0):
 garbage-first heap   total 315392K, used 178112K [0x0000000080000000, 0x0000000100000000)
  region size 1024K, 2 young (2048K), 2 survivors (2048K)
 Metaspace       used 142829K, capacity 147054K, committed 147200K, reserved 1177600K
  class space    used 17910K, capacity 19421K, committed 19456K, reserved 1048576K
}
Event: 1520.288 GC heap before
{Heap before GC invocations=67 (full 0):
 garbage-first heap   total 315392K, used 262080K [0x0000000080000000, 0x0000000100000000)
  region size 1024K, 84 young (86016K), 2 survivors (2048K)
 Metaspace       used 142849K, capacity 147055K, committed 147200K, reserved 1177600K
  class space    used 17910K, capacity 19421K, committed 19456K, reserved 1048576K
}
Event: 1520.290 GC heap after
{Heap after GC invocations=68 (full 0):
 garbage-first heap   total 315392K, used 178320K [0x0000000080000000, 0x0000000100000000)
  region size 1024K, 2 young (2048K), 2 survivors (2048K)
 Metaspace       used 142849K, capacity 147055K, committed 147200K, reserved 1177600K
  class space    used 17910K, capacity 19421K, committed 19456K, reserved 1048576K
}
Event: 1520.629 GC heap before
{Heap before GC invocations=69 (full 0):
 garbage-first heap   total 315392K, used 265360K [0x0000000080000000, 0x0000000100000000)
  region size 1024K, 87 young (89088K), 2 survivors (2048K)
 Metaspace       used 142858K, capacity 147056K, committed 147200K, reserved 1177600K
  class space    used 17910K, capacity 19421K, committed 19456K, reserved 1048576K
}
Event: 1520.632 GC heap after
{Heap after GC invocations=70 (full 0):
 garbage-first heap   total 315392K, used 178574K [0x0000000080000000, 0x0000000100000000)
  region size 1024K, 2 young (2048K), 2 survivors (2048K)
 Metaspace       used 142858K, capacity 147056K, committed 147200K, reserved 1177600K
  class space    used 17910K, capacity 19421K, committed 19456K, reserved 1048576K
}
Event: 1520.967 GC heap before
{Heap before GC invocations=70 (full 0):
 garbage-first heap   total 315392K, used 267662K [0x0000000080000000, 0x0000000100000000)
  region size 1024K, 89 young (91136K), 2 survivors (2048K)
 Metaspace       used 143166K, capacity 147436K, committed 147456K, reserved 1177600K
  class space    used 17923K, capacity 19442K, committed 19456K, reserved 1048576K
}
Event: 1520.972 GC heap after
{Heap after GC invocations=71 (full 0):
 garbage-first heap   total 315392K, used 180657K [0x0000000080000000, 0x0000000100000000)
  region size 1024K, 4 young (4096K), 4 survivors (4096K)
 Metaspace       used 143166K, capacity 147436K, committed 147456K, reserved 1177600K
  class space    used 17923K, capacity 19442K, committed 19456K, reserved 1048576K
}
Event: 1521.870 GC heap before
{Heap before GC invocations=72 (full 0):
 garbage-first heap   total 315392K, used 313777K [0x0000000080000000, 0x0000000100000000)
  region size 1024K, 88 young (90112K), 4 survivors (4096K)
 Metaspace       used 144813K, capacity 149061K, committed 149248K, reserved 1179648K
  class space    used 18089K, capacity 19647K, committed 19712K, reserved 1048576K
}
Event: 1521.879 GC heap after
{Heap after GC invocations=73 (full 0):
 garbage-first heap   total 332800K, used 218597K [0x0000000080000000, 0x0000000100000000)
  region size 1024K, 12 young (12288K), 12 survivors (12288K)
 Metaspace       used 144813K, capacity 149061K, committed 149248K, reserved 1179648K
  class space    used 18089K, capacity 19647K, committed 19712K, reserved 1048576K
}
Event: 1521.896 GC heap before
{Heap before GC invocations=73 (full 0):
 garbage-first heap   total 332800K, used 222693K [0x0000000080000000, 0x0000000100000000)
  region size 1024K, 16 young (16384K), 12 survivors (12288K)
 Metaspace       used 144829K, capacity 149062K, committed 149248K, reserved 1179648K
  class space    used 18089K, capacity 19647K, committed 19712K, reserved 1048576K
}
Event: 1521.902 GC heap after
{Heap after GC invocations=74 (full 0):
 garbage-first heap   total 332800K, used 220085K [0x0000000080000000, 0x0000000100000000)
  region size 1024K, 2 young (2048K), 2 survivors (2048K)
 Metaspace       used 144829K, capacity 149062K, committed 149248K, reserved 1179648K
  class space    used 18089K, capacity 19647K, committed 19712K, reserved 1048576K
}
Event: 1522.146 GC heap before
{Heap before GC invocations=74 (full 0):
 garbage-first heap   total 332800K, used 244661K [0x0000000080000000, 0x0000000100000000)
  region size 1024K, 27 young (27648K), 2 survivors (2048K)
 Metaspace       used 144911K, capacity 149135K, committed 149248K, reserved 1179648K
  class space    used 18099K, capacity 19650K, committed 19712K, reserved 1048576K
}
Event: 1522.158 GC heap after
{Heap after GC invocations=75 (full 0):
 garbage-first heap   total 332800K, used 229694K [0x0000000080000000, 0x0000000100000000)
  region size 1024K, 8 young (8192K), 8 survivors (8192K)
 Metaspace       used 144911K, capacity 149135K, committed 149248K, reserved 1179648K
  class space    used 18099K, capacity 19650K, committed 19712K, reserved 1048576K
}
Event: 1522.594 GC heap before
{Heap before GC invocations=76 (full 0):
 garbage-first heap   total 332800K, used 267582K [0x0000000080000000, 0x0000000100000000)
  region size 1024K, 46 young (47104K), 8 survivors (8192K)
 Metaspace       used 145317K, capacity 149609K, committed 149888K, reserved 1179648K
  class space    used 18151K, capacity 19724K, committed 19840K, reserved 1048576K
}
Event: 1522.619 GC heap after
{Heap after GC invocations=77 (full 0):
 garbage-first heap   total 332800K, used 245229K [0x0000000080000000, 0x0000000100000000)
  region size 1024K, 6 young (6144K), 6 survivors (6144K)
 Metaspace       used 145317K, capacity 149609K, committed 149888K, reserved 1179648K
  class space    used 18151K, capacity 19724K, committed 19840K, reserved 1048576K
}
Event: 1522.665 GC heap before
{Heap before GC invocations=77 (full 0):
 garbage-first heap   total 332800K, used 255469K [0x0000000080000000, 0x0000000100000000)
  region size 1024K, 16 young (16384K), 6 survivors (6144K)
 Metaspace       used 145375K, capacity 149673K, committed 149888K, reserved 1179648K
  class space    used 18151K, capacity 19724K, committed 19840K, reserved 1048576K
}

