# JRE version: OpenJDK Runtime Environment (11.0.12+7) (build 11.0.12+7-b1504.28-7817840)
# Java VM: OpenJDK 64-Bit Server VM (11.0.12+7-b1504.28-7817840, mixed mode, tiered, compressed oops, g1 gc, windows-amd64)
Heap:
 garbage-first heap   total 378880K, used 225248K [0x0000000080000000, 0x0000000100000000)
  region size 1024K, 11 young (11264K), 4 survivors (4096K)
 Metaspace       used 111210K, capacity 113908K, committed 114420K, reserved 1148928K
  class space    used 14370K, capacity 15410K, committed 15608K, reserved 1048576K
GC Heap History (20 events):
Event: 10.253 GC heap before
{Heap before GC invocations=14 (full 0):
 garbage-first heap   total 262144K, used 130795K [0x0000000080000000, 0x0000000100000000)
  region size 1024K, 53 young (54272K), 5 survivors (5120K)
 Metaspace       used 97783K, capacity 100248K, committed 100468K, reserved 1136640K
  class space    used 12598K, capacity 13580K, committed 13688K, reserved 1048576K
}
Event: 10.267 GC heap after
{Heap after GC invocations=15 (full 0):
 garbage-first heap   total 262144K, used 87429K [0x0000000080000000, 0x0000000100000000)
  region size 1024K, 9 young (9216K), 9 survivors (9216K)
 Metaspace       used 97783K, capacity 100248K, committed 100468K, reserved 1136640K
  class space    used 12598K, capacity 13580K, committed 13688K, reserved 1048576K
}
Event: 10.691 GC heap before
{Heap before GC invocations=16 (full 0):
 garbage-first heap   total 262144K, used 191877K [0x0000000080000000, 0x0000000100000000)
  region size 1024K, 112 young (114688K), 9 survivors (9216K)
 Metaspace       used 99081K, capacity 101242K, committed 102388K, reserved 1138688K
  class space    used 12619K, capacity 13426K, committed 13816K, reserved 1048576K
}
Event: 10.703 GC heap after
{Heap after GC invocations=17 (full 0):
 garbage-first heap   total 262144K, used 93100K [0x0000000080000000, 0x0000000100000000)
  region size 1024K, 11 young (11264K), 11 survivors (11264K)
 Metaspace       used 99081K, capacity 101242K, committed 102388K, reserved 1138688K
  class space    used 12619K, capacity 13426K, committed 13816K, reserved 1048576K
}
Event: 11.270 GC heap before
{Heap before GC invocations=18 (full 0):
 garbage-first heap   total 262144K, used 215980K [0x0000000080000000, 0x0000000100000000)
  region size 1024K, 99 young (101376K), 11 survivors (11264K)
 Metaspace       used 104982K, capacity 107247K, committed 108276K, reserved 1142784K
  class space    used 13367K, capacity 14210K, committed 14584K, reserved 1048576K
}
Event: 11.286 GC heap after
{Heap after GC invocations=19 (full 0):
 garbage-first heap   total 262144K, used 129794K [0x0000000080000000, 0x0000000100000000)
  region size 1024K, 15 young (15360K), 15 survivors (15360K)
 Metaspace       used 104982K, capacity 107247K, committed 108276K, reserved 1142784K
  class space    used 13367K, capacity 14210K, committed 14584K, reserved 1048576K
}
Event: 11.528 GC heap before
{Heap before GC invocations=20 (full 0):
 garbage-first heap   total 262144K, used 171778K [0x0000000080000000, 0x0000000100000000)
  region size 1024K, 50 young (51200K), 15 survivors (15360K)
 Metaspace       used 105264K, capacity 107488K, committed 108532K, reserved 1142784K
  class space    used 13398K, capacity 14247K, committed 14584K, reserved 1048576K
}
Event: 11.568 GC heap after
{Heap after GC invocations=21 (full 0):
 garbage-first heap   total 262144K, used 144831K [0x0000000080000000, 0x0000000100000000)
  region size 1024K, 12 young (12288K), 12 survivors (12288K)
 Metaspace       used 105264K, capacity 107488K, committed 108532K, reserved 1142784K
  class space    used 13398K, capacity 14247K, committed 14584K, reserved 1048576K
}
Event: 11.818 GC heap before
{Heap before GC invocations=22 (full 0):
 garbage-first heap   total 262144K, used 199103K [0x0000000080000000, 0x0000000100000000)
  region size 1024K, 64 young (65536K), 12 survivors (12288K)
 Metaspace       used 107673K, capacity 110093K, committed 110836K, reserved 1144832K
  class space    used 13910K, capacity 14836K, committed 15096K, reserved 1048576K
}
Event: 11.841 GC heap after
{Heap after GC invocations=23 (full 0):
 garbage-first heap   total 262144K, used 167936K [0x0000000080000000, 0x0000000100000000)
  region size 1024K, 8 young (8192K), 8 survivors (8192K)
 Metaspace       used 107673K, capacity 110093K, committed 110836K, reserved 1144832K
  class space    used 13910K, capacity 14836K, committed 15096K, reserved 1048576K
}
Event: 11.914 GC heap before
{Heap before GC invocations=23 (full 0):
 garbage-first heap   total 262144K, used 205824K [0x0000000080000000, 0x0000000100000000)
  region size 1024K, 45 young (46080K), 8 survivors (8192K)
 Metaspace       used 107723K, capacity 110095K, committed 110836K, reserved 1144832K
  class space    used 13911K, capacity 14836K, committed 15096K, reserved 1048576K
}
Event: 11.938 GC heap after
{Heap after GC invocations=24 (full 0):
 garbage-first heap   total 315392K, used 188126K [0x0000000080000000, 0x0000000100000000)
  region size 1024K, 6 young (6144K), 6 survivors (6144K)
 Metaspace       used 107723K, capacity 110095K, committed 110836K, reserved 1144832K
  class space    used 13911K, capacity 14836K, committed 15096K, reserved 1048576K
}
Event: 12.071 GC heap before
{Heap before GC invocations=24 (full 0):
 garbage-first heap   total 315392K, used 234206K [0x0000000080000000, 0x0000000100000000)
  region size 1024K, 52 young (53248K), 6 survivors (6144K)
 Metaspace       used 107796K, capacity 110259K, committed 110836K, reserved 1144832K
  class space    used 13920K, capacity 14868K, committed 15096K, reserved 1048576K
}
Event: 12.090 GC heap after
{Heap after GC invocations=25 (full 0):
 garbage-first heap   total 315392K, used 213788K [0x0000000080000000, 0x0000000100000000)
  region size 1024K, 7 young (7168K), 7 survivors (7168K)
 Metaspace       used 107796K, capacity 110259K, committed 110836K, reserved 1144832K
  class space    used 13920K, capacity 14868K, committed 15096K, reserved 1048576K
}
Event: 12.402 GC heap before
{Heap before GC invocations=26 (full 0):
 garbage-first heap   total 315392K, used 246556K [0x0000000080000000, 0x0000000100000000)
  region size 1024K, 40 young (40960K), 7 survivors (7168K)
 Metaspace       used 109960K, capacity 112542K, committed 112884K, reserved 1146880K
  class space    used 14227K, capacity 15196K, committed 15352K, reserved 1048576K
}
Event: 12.417 GC heap after
{Heap after GC invocations=27 (full 0):
 garbage-first heap   total 315392K, used 224256K [0x0000000080000000, 0x0000000100000000)
  region size 1024K, 5 young (5120K), 5 survivors (5120K)
 Metaspace       used 109960K, capacity 112542K, committed 112884K, reserved 1146880K
  class space    used 14227K, capacity 15196K, committed 15352K, reserved 1048576K
}
Event: 12.604 GC heap before
{Heap before GC invocations=27 (full 0):
 garbage-first heap   total 315392K, used 253952K [0x0000000080000000, 0x0000000100000000)
  region size 1024K, 35 young (35840K), 5 survivors (5120K)
 Metaspace       used 110854K, capacity 113596K, committed 113780K, reserved 1146880K
  class space    used 14365K, capacity 15438K, committed 15480K, reserved 1048576K
}
Event: 12.616 GC heap after
{Heap after GC invocations=28 (full 0):
 garbage-first heap   total 315392K, used 228971K [0x0000000080000000, 0x0000000100000000)
  region size 1024K, 4 young (4096K), 4 survivors (4096K)
 Metaspace       used 110854K, capacity 113596K, committed 113780K, reserved 1146880K
  class space    used 14365K, capacity 15438K, committed 15480K, reserved 1048576K
}
Event: 12.815 GC heap before
{Heap before GC invocations=28 (full 0):
 garbage-first heap   total 315392K, used 245355K [0x0000000080000000, 0x0000000100000000)
  region size 1024K, 33 young (33792K), 4 survivors (4096K)
 Metaspace       used 110991K, capacity 113651K, committed 114164K, reserved 1148928K
  class space    used 14347K, capacity 15370K, committed 15608K, reserved 1048576K
}
Event: 12.823 GC heap after
{Heap after GC invocations=29 (full 0):
 garbage-first heap   total 378880K, used 219104K [0x0000000080000000, 0x0000000100000000)
  region size 1024K, 4 young (4096K), 4 survivors (4096K)
 Metaspace       used 110991K, capacity 113651K, committed 114164K, reserved 1148928K
  class space    used 14347K, capacity 15370K, committed 15608K, reserved 1048576K
}

