# JRE version: OpenJDK Runtime Environment (11.0.13) (build 11.0.13+0-b1751.21-8125866)
# Java VM: OpenJDK 64-Bit Server VM (11.0.13+0-b1751.21-8125866, mixed mode, tiered, compressed oops, g1 gc, windows-amd64)
Heap:
 garbage-first heap   total 262144K, used 117062K [0x0000000080000000, 0x0000000100000000)
  region size 1024K, 32 young (32768K), 12 survivors (12288K)
 Metaspace       used 99596K, capacity 102006K, committed 102736K, reserved 1138688K
  class space    used 12737K, capacity 13639K, committed 13952K, reserved 1048576K
GC Heap History (20 events):
Event: 3.396 GC heap before
{Heap before GC invocations=4 (full 0):
 garbage-first heap   total 262144K, used 92329K [0x0000000080000000, 0x0000000100000000)
  region size 1024K, 75 young (76800K), 3 survivors (3072K)
 Metaspace       used 35171K, capacity 35945K, committed 36048K, reserved 1081344K
  class space    used 4516K, capacity 4808K, committed 4864K, reserved 1048576K
}
Event: 3.401 GC heap after
{Heap after GC invocations=5 (full 0):
 garbage-first heap   total 262144K, used 23161K [0x0000000080000000, 0x0000000100000000)
  region size 1024K, 6 young (6144K), 6 survivors (6144K)
 Metaspace       used 35171K, capacity 35945K, committed 36048K, reserved 1081344K
  class space    used 4516K, capacity 4808K, committed 4864K, reserved 1048576K
}
Event: 4.388 GC heap before
{Heap before GC invocations=6 (full 0):
 garbage-first heap   total 262144K, used 151161K [0x0000000080000000, 0x0000000100000000)
  region size 1024K, 128 young (131072K), 6 survivors (6144K)
 Metaspace       used 45529K, capacity 46596K, committed 46928K, reserved 1089536K
  class space    used 5779K, capacity 6147K, committed 6272K, reserved 1048576K
}
Event: 4.394 GC heap after
{Heap after GC invocations=7 (full 0):
 garbage-first heap   total 262144K, used 30150K [0x0000000080000000, 0x0000000100000000)
  region size 1024K, 13 young (13312K), 13 survivors (13312K)
 Metaspace       used 45529K, capacity 46596K, committed 46928K, reserved 1089536K
  class space    used 5779K, capacity 6147K, committed 6272K, reserved 1048576K
}
Event: 5.412 GC heap before
{Heap before GC invocations=7 (full 0):
 garbage-first heap   total 262144K, used 177606K [0x0000000080000000, 0x0000000100000000)
  region size 1024K, 149 young (152576K), 13 survivors (13312K)
 Metaspace       used 53258K, capacity 54787K, committed 54992K, reserved 1097728K
  class space    used 6768K, capacity 7346K, committed 7424K, reserved 1048576K
}
Event: 5.422 GC heap after
{Heap after GC invocations=8 (full 0):
 garbage-first heap   total 262144K, used 50372K [0x0000000080000000, 0x0000000100000000)
  region size 1024K, 19 young (19456K), 19 survivors (19456K)
 Metaspace       used 53258K, capacity 54787K, committed 54992K, reserved 1097728K
  class space    used 6768K, capacity 7346K, committed 7424K, reserved 1048576K
}
Event: 5.833 GC heap before
{Heap before GC invocations=8 (full 0):
 garbage-first heap   total 262144K, used 89284K [0x0000000080000000, 0x0000000100000000)
  region size 1024K, 58 young (59392K), 19 survivors (19456K)
 Metaspace       used 58921K, capacity 60374K, committed 60496K, reserved 1101824K
  class space    used 7414K, capacity 7968K, committed 8064K, reserved 1048576K
}
Event: 5.849 GC heap after
{Heap after GC invocations=9 (full 0):
 garbage-first heap   total 262144K, used 52721K [0x0000000080000000, 0x0000000100000000)
  region size 1024K, 4 young (4096K), 4 survivors (4096K)
 Metaspace       used 58921K, capacity 60374K, committed 60496K, reserved 1101824K
  class space    used 7414K, capacity 7968K, committed 8064K, reserved 1048576K
}
Event: 6.903 GC heap before
{Heap before GC invocations=10 (full 0):
 garbage-first heap   total 262144K, used 186865K [0x0000000080000000, 0x0000000100000000)
  region size 1024K, 128 young (131072K), 4 survivors (4096K)
 Metaspace       used 69158K, capacity 70756K, committed 71120K, reserved 1112064K
  class space    used 8725K, capacity 9361K, committed 9472K, reserved 1048576K
}
Event: 6.908 GC heap after
{Heap after GC invocations=11 (full 0):
 garbage-first heap   total 262144K, used 59968K [0x0000000080000000, 0x0000000100000000)
  region size 1024K, 11 young (11264K), 11 survivors (11264K)
 Metaspace       used 69158K, capacity 70756K, committed 71120K, reserved 1112064K
  class space    used 8725K, capacity 9361K, committed 9472K, reserved 1048576K
}
Event: 7.907 GC heap before
{Heap before GC invocations=11 (full 0):
 garbage-first heap   total 262144K, used 186944K [0x0000000080000000, 0x0000000100000000)
  region size 1024K, 135 young (138240K), 11 survivors (11264K)
 Metaspace       used 78989K, capacity 80796K, committed 80976K, reserved 1120256K
  class space    used 10177K, capacity 10849K, committed 10880K, reserved 1048576K
}
Event: 7.915 GC heap after
{Heap after GC invocations=12 (full 0):
 garbage-first heap   total 262144K, used 68319K [0x0000000080000000, 0x0000000100000000)
  region size 1024K, 9 young (9216K), 9 survivors (9216K)
 Metaspace       used 78989K, capacity 80796K, committed 80976K, reserved 1120256K
  class space    used 10177K, capacity 10849K, committed 10880K, reserved 1048576K
}
Event: 9.028 GC heap before
{Heap before GC invocations=12 (full 0):
 garbage-first heap   total 262144K, used 193247K [0x0000000080000000, 0x0000000100000000)
  region size 1024K, 132 young (135168K), 9 survivors (9216K)
 Metaspace       used 89281K, capacity 91692K, committed 91856K, reserved 1128448K
  class space    used 11573K, capacity 12484K, committed 12544K, reserved 1048576K
}
Event: 9.038 GC heap after
{Heap after GC invocations=13 (full 0):
 garbage-first heap   total 262144K, used 78629K [0x0000000080000000, 0x0000000100000000)
  region size 1024K, 17 young (17408K), 17 survivors (17408K)
 Metaspace       used 89281K, capacity 91692K, committed 91856K, reserved 1128448K
  class space    used 11573K, capacity 12484K, committed 12544K, reserved 1048576K
}
Event: 9.435 GC heap before
{Heap before GC invocations=13 (full 0):
 garbage-first heap   total 262144K, used 197413K [0x0000000080000000, 0x0000000100000000)
  region size 1024K, 134 young (137216K), 17 survivors (17408K)
 Metaspace       used 90059K, capacity 92506K, committed 92624K, reserved 1130496K
  class space    used 11614K, capacity 12539K, committed 12544K, reserved 1048576K
}
Event: 9.448 GC heap after
{Heap after GC invocations=14 (full 0):
 garbage-first heap   total 262144K, used 86956K [0x0000000080000000, 0x0000000100000000)
  region size 1024K, 8 young (8192K), 8 survivors (8192K)
 Metaspace       used 90059K, capacity 92506K, committed 92624K, reserved 1130496K
  class space    used 11614K, capacity 12539K, committed 12544K, reserved 1048576K
}
Event: 10.044 GC heap before
{Heap before GC invocations=14 (full 0):
 garbage-first heap   total 262144K, used 202668K [0x0000000080000000, 0x0000000100000000)
  region size 1024K, 122 young (124928K), 8 survivors (8192K)
 Metaspace       used 95478K, capacity 97929K, committed 98256K, reserved 1134592K
  class space    used 12298K, capacity 13227K, committed 13312K, reserved 1048576K
}
Event: 10.051 GC heap after
{Heap after GC invocations=15 (full 0):
 garbage-first heap   total 262144K, used 91988K [0x0000000080000000, 0x0000000100000000)
  region size 1024K, 13 young (13312K), 13 survivors (13312K)
 Metaspace       used 95478K, capacity 97929K, committed 98256K, reserved 1134592K
  class space    used 12298K, capacity 13227K, committed 13312K, reserved 1048576K
}
Event: 23.679 GC heap before
{Heap before GC invocations=15 (full 0):
 garbage-first heap   total 262144K, used 204628K [0x0000000080000000, 0x0000000100000000)
  region size 1024K, 125 young (128000K), 13 survivors (13312K)
 Metaspace       used 98520K, capacity 101147K, committed 101200K, reserved 1136640K
  class space    used 12691K, capacity 13666K, committed 13696K, reserved 1048576K
}
Event: 23.690 GC heap after
{Heap after GC invocations=16 (full 0):
 garbage-first heap   total 262144K, used 98630K [0x0000000080000000, 0x0000000100000000)
  region size 1024K, 12 young (12288K), 12 survivors (12288K)
 Metaspace       used 98520K, capacity 101147K, committed 101200K, reserved 1136640K
  class space    used 12691K, capacity 13666K, committed 13696K, reserved 1048576K
}

