# JRE version: OpenJDK Runtime Environment (11.0.12+7) (build 11.0.12+7-b1504.28-7817840)
# Java VM: OpenJDK 64-Bit Server VM (11.0.12+7-b1504.28-7817840, mixed mode, tiered, compressed oops, g1 gc, windows-amd64)
Heap:
 garbage-first heap   total 378880K, used 129598K [0x0000000080000000, 0x0000000100000000)
  region size 1024K, 7 young (7168K), 7 survivors (7168K)
 Metaspace       used 108796K, capacity 111547K, committed 112448K, reserved 1146880K
  class space    used 13935K, capacity 14997K, committed 15480K, reserved 1048576K
GC Heap History (20 events):
Event: 13.158 GC heap after
{Heap after GC invocations=23 (full 0):
 garbage-first heap   total 262144K, used 124671K [0x0000000080000000, 0x0000000100000000)
  region size 1024K, 3 young (3072K), 3 survivors (3072K)
 Metaspace       used 105529K, capacity 107969K, committed 109760K, reserved 1144832K
  class space    used 13653K, capacity 14619K, committed 15352K, reserved 1048576K
}
Event: 13.326 GC heap before
{Heap before GC invocations=23 (full 0):
 garbage-first heap   total 262144K, used 217855K [0x0000000080000000, 0x0000000100000000)
  region size 1024K, 94 young (96256K), 3 survivors (3072K)
 Metaspace       used 105540K, capacity 107977K, committed 109760K, reserved 1144832K
  class space    used 13654K, capacity 14622K, committed 15352K, reserved 1048576K
}
Event: 13.335 GC heap after
{Heap after GC invocations=24 (full 0):
 garbage-first heap   total 315392K, used 124345K [0x0000000080000000, 0x0000000100000000)
  region size 1024K, 2 young (2048K), 2 survivors (2048K)
 Metaspace       used 105540K, capacity 107977K, committed 109760K, reserved 1144832K
  class space    used 13654K, capacity 14622K, committed 15352K, reserved 1048576K
}
Event: 13.617 GC heap before
{Heap before GC invocations=25 (full 0):
 garbage-first heap   total 315392K, used 248249K [0x0000000080000000, 0x0000000100000000)
  region size 1024K, 123 young (125952K), 2 survivors (2048K)
 Metaspace       used 105698K, capacity 108125K, committed 110016K, reserved 1144832K
  class space    used 13658K, capacity 14627K, committed 15352K, reserved 1048576K
}
Event: 13.628 GC heap after
{Heap after GC invocations=26 (full 0):
 garbage-first heap   total 315392K, used 124808K [0x0000000080000000, 0x0000000100000000)
  region size 1024K, 3 young (3072K), 3 survivors (3072K)
 Metaspace       used 105698K, capacity 108125K, committed 110016K, reserved 1144832K
  class space    used 13658K, capacity 14627K, committed 15352K, reserved 1048576K
}
Event: 13.882 GC heap before
{Heap before GC invocations=26 (full 0):
 garbage-first heap   total 315392K, used 251784K [0x0000000080000000, 0x0000000100000000)
  region size 1024K, 127 young (130048K), 3 survivors (3072K)
 Metaspace       used 107001K, capacity 109604K, committed 111168K, reserved 1144832K
  class space    used 13815K, capacity 14845K, committed 15480K, reserved 1048576K
}
Event: 13.888 GC heap after
{Heap after GC invocations=27 (full 0):
 garbage-first heap   total 315392K, used 126526K [0x0000000080000000, 0x0000000100000000)
  region size 1024K, 4 young (4096K), 4 survivors (4096K)
 Metaspace       used 107001K, capacity 109604K, committed 111168K, reserved 1144832K
  class space    used 13815K, capacity 14845K, committed 15480K, reserved 1048576K
}
Event: 14.129 GC heap before
{Heap before GC invocations=27 (full 0):
 garbage-first heap   total 315392K, used 255550K [0x0000000080000000, 0x0000000100000000)
  region size 1024K, 130 young (133120K), 4 survivors (4096K)
 Metaspace       used 107401K, capacity 110079K, committed 111424K, reserved 1144832K
  class space    used 13866K, capacity 14896K, committed 15480K, reserved 1048576K
}
Event: 14.136 GC heap after
{Heap after GC invocations=28 (full 0):
 garbage-first heap   total 315392K, used 126196K [0x0000000080000000, 0x0000000100000000)
  region size 1024K, 4 young (4096K), 4 survivors (4096K)
 Metaspace       used 107401K, capacity 110079K, committed 111424K, reserved 1144832K
  class space    used 13866K, capacity 14896K, committed 15480K, reserved 1048576K
}
Event: 14.369 GC heap before
{Heap before GC invocations=28 (full 0):
 garbage-first heap   total 315392K, used 258292K [0x0000000080000000, 0x0000000100000000)
  region size 1024K, 133 young (136192K), 4 survivors (4096K)
 Metaspace       used 107527K, capacity 110160K, committed 111424K, reserved 1144832K
  class space    used 13866K, capacity 14896K, committed 15480K, reserved 1048576K
}
Event: 14.375 GC heap after
{Heap after GC invocations=29 (full 0):
 garbage-first heap   total 315392K, used 126658K [0x0000000080000000, 0x0000000100000000)
  region size 1024K, 5 young (5120K), 5 survivors (5120K)
 Metaspace       used 107527K, capacity 110160K, committed 111424K, reserved 1144832K
  class space    used 13866K, capacity 14896K, committed 15480K, reserved 1048576K
}
Event: 14.594 GC heap before
{Heap before GC invocations=29 (full 0):
 garbage-first heap   total 315392K, used 260802K [0x0000000080000000, 0x0000000100000000)
  region size 1024K, 136 young (139264K), 5 survivors (5120K)
 Metaspace       used 107741K, capacity 110359K, committed 111680K, reserved 1144832K
  class space    used 13866K, capacity 14896K, committed 15480K, reserved 1048576K
}
Event: 14.601 GC heap after
{Heap after GC invocations=30 (full 0):
 garbage-first heap   total 315392K, used 127130K [0x0000000080000000, 0x0000000100000000)
  region size 1024K, 5 young (5120K), 5 survivors (5120K)
 Metaspace       used 107741K, capacity 110359K, committed 111680K, reserved 1144832K
  class space    used 13866K, capacity 14896K, committed 15480K, reserved 1048576K
}
Event: 14.798 GC heap before
{Heap before GC invocations=30 (full 0):
 garbage-first heap   total 315392K, used 264346K [0x0000000080000000, 0x0000000100000000)
  region size 1024K, 139 young (142336K), 5 survivors (5120K)
 Metaspace       used 107969K, capacity 110588K, committed 111936K, reserved 1146880K
  class space    used 13867K, capacity 14897K, committed 15480K, reserved 1048576K
}
Event: 14.807 GC heap after
{Heap after GC invocations=31 (full 0):
 garbage-first heap   total 315392K, used 128525K [0x0000000080000000, 0x0000000100000000)
  region size 1024K, 6 young (6144K), 6 survivors (6144K)
 Metaspace       used 107969K, capacity 110588K, committed 111936K, reserved 1146880K
  class space    used 13867K, capacity 14897K, committed 15480K, reserved 1048576K
}
Event: 15.131 GC heap before
{Heap before GC invocations=31 (full 0):
 garbage-first heap   total 315392K, used 268813K [0x0000000080000000, 0x0000000100000000)
  region size 1024K, 141 young (144384K), 6 survivors (6144K)
 Metaspace       used 108573K, capacity 111325K, committed 112192K, reserved 1146880K
  class space    used 13933K, capacity 14996K, committed 15480K, reserved 1048576K
}
Event: 15.138 GC heap after
{Heap after GC invocations=32 (full 0):
 garbage-first heap   total 315392K, used 127492K [0x0000000080000000, 0x0000000100000000)
  region size 1024K, 5 young (5120K), 5 survivors (5120K)
 Metaspace       used 108573K, capacity 111325K, committed 112192K, reserved 1146880K
  class space    used 13933K, capacity 14996K, committed 15480K, reserved 1048576K
}
Event: 15.508 GC heap before
{Heap before GC invocations=32 (full 0):
 garbage-first heap   total 315392K, used 267780K [0x0000000080000000, 0x0000000100000000)
  region size 1024K, 142 young (145408K), 5 survivors (5120K)
 Metaspace       used 108670K, capacity 111394K, committed 112192K, reserved 1146880K
  class space    used 13934K, capacity 14996K, committed 15480K, reserved 1048576K
}
Event: 15.515 GC heap after
{Heap after GC invocations=33 (full 0):
 garbage-first heap   total 315392K, used 127550K [0x0000000080000000, 0x0000000100000000)
  region size 1024K, 5 young (5120K), 5 survivors (5120K)
 Metaspace       used 108670K, capacity 111394K, committed 112192K, reserved 1146880K
  class space    used 13934K, capacity 14996K, committed 15480K, reserved 1048576K
}
Event: 15.917 GC heap before
{Heap before GC invocations=33 (full 0):
 garbage-first heap   total 315392K, used 269886K [0x0000000080000000, 0x0000000100000000)
  region size 1024K, 144 young (147456K), 5 survivors (5120K)
 Metaspace       used 108796K, capacity 111547K, committed 112448K, reserved 1146880K
  class space    used 13935K, capacity 14997K, committed 15480K, reserved 1048576K
}

