# JRE version: OpenJDK Runtime Environment (11.0.12+7) (build 11.0.12+7-b1504.28-7817840)
# Java VM: OpenJDK 64-Bit Server VM (11.0.12+7-b1504.28-7817840, mixed mode, tiered, compressed oops, g1 gc, windows-amd64)
Heap:
 garbage-first heap   total 315392K, used 233311K [0x0000000080000000, 0x0000000100000000)
  region size 1024K, 24 young (24576K), 7 survivors (7168K)
 Metaspace       used 139934K, capacity 142917K, committed 143744K, reserved 1175552K
  class space    used 16958K, capacity 18076K, committed 18304K, reserved 1048576K
GC Heap History (20 events):
Event: 5616.692 GC heap before
{Heap before GC invocations=61 (full 0):
 garbage-first heap   total 262144K, used 243646K [0x0000000080000000, 0x0000000100000000)
  region size 1024K, 27 young (27648K), 4 survivors (4096K)
 Metaspace       used 132521K, capacity 135354K, committed 136448K, reserved 1167360K
  class space    used 16284K, capacity 17331K, committed 17664K, reserved 1048576K
}
Event: 5616.700 GC heap after
{Heap after GC invocations=62 (full 0):
 garbage-first heap   total 262144K, used 200421K [0x0000000080000000, 0x0000000100000000)
  region size 1024K, 4 young (4096K), 4 survivors (4096K)
 Metaspace       used 132521K, capacity 135354K, committed 136448K, reserved 1167360K
  class space    used 16284K, capacity 17331K, committed 17664K, reserved 1048576K
}
Event: 5616.786 GC heap before
{Heap before GC invocations=63 (full 0):
 garbage-first heap   total 262144K, used 221925K [0x0000000080000000, 0x0000000100000000)
  region size 1024K, 25 young (25600K), 4 survivors (4096K)
 Metaspace       used 133246K, capacity 136076K, committed 136960K, reserved 1169408K
  class space    used 16353K, capacity 17401K, committed 17664K, reserved 1048576K
}
Event: 5616.790 GC heap after
{Heap after GC invocations=64 (full 0):
 garbage-first heap   total 262144K, used 205313K [0x0000000080000000, 0x0000000100000000)
  region size 1024K, 4 young (4096K), 4 survivors (4096K)
 Metaspace       used 133246K, capacity 136076K, committed 136960K, reserved 1169408K
  class space    used 16353K, capacity 17401K, committed 17664K, reserved 1048576K
}
Event: 5616.878 GC heap before
{Heap before GC invocations=64 (full 0):
 garbage-first heap   total 262144K, used 213505K [0x0000000080000000, 0x0000000100000000)
  region size 1024K, 12 young (12288K), 4 survivors (4096K)
 Metaspace       used 134356K, capacity 137199K, committed 138112K, reserved 1169408K
  class space    used 16438K, capacity 17531K, committed 17792K, reserved 1048576K
}
Event: 5616.885 GC heap after
{Heap after GC invocations=65 (full 0):
 garbage-first heap   total 262144K, used 204167K [0x0000000080000000, 0x0000000100000000)
  region size 1024K, 1 young (1024K), 1 survivors (1024K)
 Metaspace       used 134356K, capacity 137199K, committed 138112K, reserved 1169408K
  class space    used 16438K, capacity 17531K, committed 17792K, reserved 1048576K
}
Event: 5616.977 GC heap before
{Heap before GC invocations=65 (full 0):
 garbage-first heap   total 262144K, used 221575K [0x0000000080000000, 0x0000000100000000)
  region size 1024K, 19 young (19456K), 1 survivors (1024K)
 Metaspace       used 135823K, capacity 138740K, committed 139776K, reserved 1171456K
  class space    used 16580K, capacity 17661K, committed 17920K, reserved 1048576K
}
Event: 5616.981 GC heap after
{Heap after GC invocations=66 (full 0):
 garbage-first heap   total 315392K, used 205448K [0x0000000080000000, 0x0000000100000000)
  region size 1024K, 3 young (3072K), 3 survivors (3072K)
 Metaspace       used 135823K, capacity 138740K, committed 139776K, reserved 1171456K
  class space    used 16580K, capacity 17661K, committed 17920K, reserved 1048576K
}
Event: 5617.139 GC heap before
{Heap before GC invocations=66 (full 0):
 garbage-first heap   total 315392K, used 243336K [0x0000000080000000, 0x0000000100000000)
  region size 1024K, 41 young (41984K), 3 survivors (3072K)
 Metaspace       used 136503K, capacity 139351K, committed 140288K, reserved 1171456K
  class space    used 16623K, capacity 17694K, committed 17920K, reserved 1048576K
}
Event: 5617.142 GC heap after
{Heap after GC invocations=67 (full 0):
 garbage-first heap   total 315392K, used 206148K [0x0000000080000000, 0x0000000100000000)
  region size 1024K, 3 young (3072K), 3 survivors (3072K)
 Metaspace       used 136503K, capacity 139351K, committed 140288K, reserved 1171456K
  class space    used 16623K, capacity 17694K, committed 17920K, reserved 1048576K
}
Event: 5617.349 GC heap before
{Heap before GC invocations=67 (full 0):
 garbage-first heap   total 315392K, used 247108K [0x0000000080000000, 0x0000000100000000)
  region size 1024K, 44 young (45056K), 3 survivors (3072K)
 Metaspace       used 137157K, capacity 140021K, committed 140928K, reserved 1171456K
  class space    used 16687K, capacity 17766K, committed 18048K, reserved 1048576K
}
Event: 5617.355 GC heap after
{Heap after GC invocations=68 (full 0):
 garbage-first heap   total 315392K, used 209101K [0x0000000080000000, 0x0000000100000000)
  region size 1024K, 6 young (6144K), 6 survivors (6144K)
 Metaspace       used 137157K, capacity 140021K, committed 140928K, reserved 1171456K
  class space    used 16687K, capacity 17766K, committed 18048K, reserved 1048576K
}
Event: 5617.510 GC heap before
{Heap before GC invocations=68 (full 0):
 garbage-first heap   total 315392K, used 251085K [0x0000000080000000, 0x0000000100000000)
  region size 1024K, 48 young (49152K), 6 survivors (6144K)
 Metaspace       used 138055K, capacity 140943K, committed 141952K, reserved 1173504K
  class space    used 16763K, capacity 17838K, committed 18048K, reserved 1048576K
}
Event: 5617.516 GC heap after
{Heap after GC invocations=69 (full 0):
 garbage-first heap   total 315392K, used 210760K [0x0000000080000000, 0x0000000100000000)
  region size 1024K, 3 young (3072K), 3 survivors (3072K)
 Metaspace       used 138055K, capacity 140943K, committed 141952K, reserved 1173504K
  class space    used 16763K, capacity 17838K, committed 18048K, reserved 1048576K
}
Event: 5617.746 GC heap before
{Heap before GC invocations=69 (full 0):
 garbage-first heap   total 315392K, used 253768K [0x0000000080000000, 0x0000000100000000)
  region size 1024K, 47 young (48128K), 3 survivors (3072K)
 Metaspace       used 138161K, capacity 141024K, committed 141952K, reserved 1173504K
  class space    used 16769K, capacity 17841K, committed 18048K, reserved 1048576K
}
Event: 5617.749 GC heap after
{Heap after GC invocations=70 (full 0):
 garbage-first heap   total 315392K, used 211833K [0x0000000080000000, 0x0000000100000000)
  region size 1024K, 4 young (4096K), 4 survivors (4096K)
 Metaspace       used 138161K, capacity 141024K, committed 141952K, reserved 1173504K
  class space    used 16769K, capacity 17841K, committed 18048K, reserved 1048576K
}
Event: 5617.868 GC heap before
{Heap before GC invocations=70 (full 0):
 garbage-first heap   total 315392K, used 256889K [0x0000000080000000, 0x0000000100000000)
  region size 1024K, 49 young (50176K), 4 survivors (4096K)
 Metaspace       used 138312K, capacity 141220K, committed 142080K, reserved 1173504K
  class space    used 16783K, capacity 17883K, committed 18176K, reserved 1048576K
}
Event: 5617.874 GC heap after
{Heap after GC invocations=71 (full 0):
 garbage-first heap   total 315392K, used 214518K [0x0000000080000000, 0x0000000100000000)
  region size 1024K, 6 young (6144K), 6 survivors (6144K)
 Metaspace       used 138312K, capacity 141220K, committed 142080K, reserved 1173504K
  class space    used 16783K, capacity 17883K, committed 18176K, reserved 1048576K
}
Event: 5618.400 GC heap before
{Heap before GC invocations=71 (full 0):
 garbage-first heap   total 315392K, used 260598K [0x0000000080000000, 0x0000000100000000)
  region size 1024K, 52 young (53248K), 6 survivors (6144K)
 Metaspace       used 139598K, capacity 142440K, committed 143104K, reserved 1173504K
  class space    used 16929K, capacity 18000K, committed 18176K, reserved 1048576K
}
Event: 5618.409 GC heap after
{Heap after GC invocations=72 (full 0):
 garbage-first heap   total 315392K, used 217951K [0x0000000080000000, 0x0000000100000000)
  region size 1024K, 7 young (7168K), 7 survivors (7168K)
 Metaspace       used 139598K, capacity 142440K, committed 143104K, reserved 1173504K
  class space    used 16929K, capacity 18000K, committed 18176K, reserved 1048576K
}

