# JRE version: OpenJDK Runtime Environment (11.0.12+7) (build 11.0.12+7-b1504.28-7817840)
# Java VM: OpenJDK 64-Bit Server VM (11.0.12+7-b1504.28-7817840, mixed mode, tiered, compressed oops, g1 gc, windows-amd64)
Heap:
 garbage-first heap   total 262144K, used 154292K [0x0000000080000000, 0x0000000100000000)
  region size 1024K, 74 young (75776K), 12 survivors (12288K)
 Metaspace       used 97536K, capacity 99743K, committed 100992K, reserved 1136640K
  class space    used 12539K, capacity 13350K, committed 13696K, reserved 1048576K
GC Heap History (20 events):
Event: 2.424 GC heap before
{Heap before GC invocations=3 (full 0):
 garbage-first heap   total 262144K, used 43278K [0x0000000080000000, 0x0000000100000000)
  region size 1024K, 37 young (37888K), 11 survivors (11264K)
 Metaspace       used 23069K, capacity 23568K, committed 23680K, reserved 1069056K
  class space    used 2932K, capacity 3099K, committed 3200K, reserved 1048576K
}
Event: 2.429 GC heap after
{Heap after GC invocations=4 (full 0):
 garbage-first heap   total 262144K, used 18232K [0x0000000080000000, 0x0000000100000000)
  region size 1024K, 2 young (2048K), 2 survivors (2048K)
 Metaspace       used 23069K, capacity 23568K, committed 23680K, reserved 1069056K
  class space    used 2932K, capacity 3099K, committed 3200K, reserved 1048576K
}
Event: 3.312 GC heap before
{Heap before GC invocations=4 (full 0):
 garbage-first heap   total 262144K, used 106296K [0x0000000080000000, 0x0000000100000000)
  region size 1024K, 89 young (91136K), 2 survivors (2048K)
 Metaspace       used 34906K, capacity 35727K, committed 35840K, reserved 1081344K
  class space    used 4532K, capacity 4839K, committed 4864K, reserved 1048576K
}
Event: 3.320 GC heap after
{Heap after GC invocations=5 (full 0):
 garbage-first heap   total 262144K, used 22230K [0x0000000080000000, 0x0000000100000000)
  region size 1024K, 6 young (6144K), 6 survivors (6144K)
 Metaspace       used 34906K, capacity 35727K, committed 35840K, reserved 1081344K
  class space    used 4532K, capacity 4839K, committed 4864K, reserved 1048576K
}
Event: 4.251 GC heap before
{Heap before GC invocations=6 (full 0):
 garbage-first heap   total 262144K, used 145110K [0x0000000080000000, 0x0000000100000000)
  region size 1024K, 123 young (125952K), 6 survivors (6144K)
 Metaspace       used 44977K, capacity 46042K, committed 46208K, reserved 1089536K
  class space    used 5795K, capacity 6196K, committed 6272K, reserved 1048576K
}
Event: 4.257 GC heap after
{Heap after GC invocations=7 (full 0):
 garbage-first heap   total 262144K, used 29697K [0x0000000080000000, 0x0000000100000000)
  region size 1024K, 13 young (13312K), 13 survivors (13312K)
 Metaspace       used 44977K, capacity 46042K, committed 46208K, reserved 1089536K
  class space    used 5795K, capacity 6196K, committed 6272K, reserved 1048576K
}
Event: 5.657 GC heap before
{Heap before GC invocations=7 (full 0):
 garbage-first heap   total 262144K, used 181249K [0x0000000080000000, 0x0000000100000000)
  region size 1024K, 153 young (156672K), 13 survivors (13312K)
 Metaspace       used 53320K, capacity 54707K, committed 55040K, reserved 1097728K
  class space    used 6826K, capacity 7337K, committed 7424K, reserved 1048576K
}
Event: 5.667 GC heap after
{Heap after GC invocations=8 (full 0):
 garbage-first heap   total 262144K, used 50150K [0x0000000080000000, 0x0000000100000000)
  region size 1024K, 20 young (20480K), 20 survivors (20480K)
 Metaspace       used 53320K, capacity 54707K, committed 55040K, reserved 1097728K
  class space    used 6826K, capacity 7337K, committed 7424K, reserved 1048576K
}
Event: 6.110 GC heap before
{Heap before GC invocations=8 (full 0):
 garbage-first heap   total 262144K, used 82918K [0x0000000080000000, 0x0000000100000000)
  region size 1024K, 53 young (54272K), 20 survivors (20480K)
 Metaspace       used 58440K, capacity 59825K, committed 59904K, reserved 1101824K
  class space    used 7390K, capacity 7911K, committed 7936K, reserved 1048576K
}
Event: 6.124 GC heap after
{Heap after GC invocations=9 (full 0):
 garbage-first heap   total 262144K, used 52637K [0x0000000080000000, 0x0000000100000000)
  region size 1024K, 4 young (4096K), 4 survivors (4096K)
 Metaspace       used 58440K, capacity 59825K, committed 59904K, reserved 1101824K
  class space    used 7390K, capacity 7911K, committed 7936K, reserved 1048576K
}
Event: 7.437 GC heap before
{Heap before GC invocations=10 (full 0):
 garbage-first heap   total 262144K, used 199069K [0x0000000080000000, 0x0000000100000000)
  region size 1024K, 147 young (150528K), 4 survivors (4096K)
 Metaspace       used 69399K, capacity 71006K, committed 71168K, reserved 1112064K
  class space    used 8790K, capacity 9400K, committed 9472K, reserved 1048576K
}
Event: 7.446 GC heap after
{Heap after GC invocations=11 (full 0):
 garbage-first heap   total 262144K, used 61163K [0x0000000080000000, 0x0000000100000000)
  region size 1024K, 12 young (12288K), 12 survivors (12288K)
 Metaspace       used 69399K, capacity 71006K, committed 71168K, reserved 1112064K
  class space    used 8790K, capacity 9400K, committed 9472K, reserved 1048576K
}
Event: 10.181 GC heap before
{Heap before GC invocations=11 (full 0):
 garbage-first heap   total 262144K, used 200427K [0x0000000080000000, 0x0000000100000000)
  region size 1024K, 148 young (151552K), 12 survivors (12288K)
 Metaspace       used 83935K, capacity 85781K, committed 85888K, reserved 1124352K
  class space    used 10907K, capacity 11619K, committed 11648K, reserved 1048576K
}
Event: 10.193 GC heap after
{Heap after GC invocations=12 (full 0):
 garbage-first heap   total 262144K, used 70080K [0x0000000080000000, 0x0000000100000000)
  region size 1024K, 9 young (9216K), 9 survivors (9216K)
 Metaspace       used 83935K, capacity 85781K, committed 85888K, reserved 1124352K
  class space    used 10907K, capacity 11619K, committed 11648K, reserved 1048576K
}
Event: 11.742 GC heap before
{Heap before GC invocations=12 (full 0):
 garbage-first heap   total 262144K, used 204224K [0x0000000080000000, 0x0000000100000000)
  region size 1024K, 141 young (144384K), 9 survivors (9216K)
 Metaspace       used 89330K, capacity 91793K, committed 92032K, reserved 1128448K
  class space    used 11602K, capacity 12550K, committed 12672K, reserved 1048576K
}
Event: 11.756 GC heap after
{Heap after GC invocations=13 (full 0):
 garbage-first heap   total 262144K, used 81076K [0x0000000080000000, 0x0000000100000000)
  region size 1024K, 18 young (18432K), 18 survivors (18432K)
 Metaspace       used 89330K, capacity 91793K, committed 92032K, reserved 1128448K
  class space    used 11602K, capacity 12550K, committed 12672K, reserved 1048576K
}
Event: 12.943 GC heap before
{Heap before GC invocations=13 (full 0):
 garbage-first heap   total 262144K, used 203956K [0x0000000080000000, 0x0000000100000000)
  region size 1024K, 139 young (142336K), 18 survivors (18432K)
 Metaspace       used 93034K, capacity 95504K, committed 95744K, reserved 1132544K
  class space    used 12082K, capacity 13030K, committed 13056K, reserved 1048576K
}
Event: 12.959 GC heap after
{Heap after GC invocations=14 (full 0):
 garbage-first heap   total 262144K, used 89184K [0x0000000080000000, 0x0000000100000000)
  region size 1024K, 8 young (8192K), 8 survivors (8192K)
 Metaspace       used 93034K, capacity 95504K, committed 95744K, reserved 1132544K
  class space    used 12082K, capacity 13030K, committed 13056K, reserved 1048576K
}
Event: 13.892 GC heap before
{Heap before GC invocations=14 (full 0):
 garbage-first heap   total 262144K, used 167008K [0x0000000080000000, 0x0000000100000000)
  region size 1024K, 86 young (88064K), 8 survivors (8192K)
 Metaspace       used 97570K, capacity 100118K, committed 100224K, reserved 1136640K
  class space    used 12629K, capacity 13608K, committed 13696K, reserved 1048576K
}
Event: 13.903 GC heap after
{Heap after GC invocations=15 (full 0):
 garbage-first heap   total 262144K, used 92852K [0x0000000080000000, 0x0000000100000000)
  region size 1024K, 12 young (12288K), 12 survivors (12288K)
 Metaspace       used 97570K, capacity 100118K, committed 100224K, reserved 1136640K
  class space    used 12629K, capacity 13608K, committed 13696K, reserved 1048576K
}

