# JRE version: OpenJDK Runtime Environment (11.0.13) (build 11.0.13+0-b1751.21-8125866)
# Java VM: OpenJDK 64-Bit Server VM (11.0.13+0-b1751.21-8125866, mixed mode, tiered, compressed oops, g1 gc, windows-amd64)
Heap:
 garbage-first heap   total 315392K, used 37636K [0x0000000701e00000, 0x0000000800000000)
  region size 1024K, 13 young (13312K), 13 survivors (13312K)
 Metaspace       used 56377K, capacity 57057K, committed 57392K, reserved 1099776K
  class space    used 6555K, capacity 6858K, committed 6960K, reserved 1048576K
GC Heap History (11 events):
Event: 0.468 GC heap before
{Heap before GC invocations=0 (full 0):
 garbage-first heap   total 262144K, used 27648K [0x0000000701e00000, 0x0000000800000000)
  region size 1024K, 24 young (24576K), 0 survivors (0K)
 Metaspace       used 12184K, capacity 12286K, committed 12416K, reserved 1060864K
  class space    used 1092K, capacity 1113K, committed 1152K, reserved 1048576K
}
Event: 0.470 GC heap after
{Heap after GC invocations=1 (full 0):
 garbage-first heap   total 262144K, used 6164K [0x0000000701e00000, 0x0000000800000000)
  region size 1024K, 3 young (3072K), 3 survivors (3072K)
 Metaspace       used 12184K, capacity 12286K, committed 12416K, reserved 1060864K
  class space    used 1092K, capacity 1113K, committed 1152K, reserved 1048576K
}
Event: 0.989 GC heap before
{Heap before GC invocations=1 (full 0):
 garbage-first heap   total 262144K, used 44052K [0x0000000701e00000, 0x0000000800000000)
  region size 1024K, 41 young (41984K), 3 survivors (3072K)
 Metaspace       used 21018K, capacity 21203K, committed 21296K, reserved 1069056K
  class space    used 2220K, capacity 2307K, committed 2352K, reserved 1048576K
}
Event: 0.998 GC heap after
{Heap after GC invocations=2 (full 0):
 garbage-first heap   total 262144K, used 9781K [0x0000000701e00000, 0x0000000800000000)
  region size 1024K, 7 young (7168K), 7 survivors (7168K)
 Metaspace       used 21018K, capacity 21203K, committed 21296K, reserved 1069056K
  class space    used 2220K, capacity 2307K, committed 2352K, reserved 1048576K
}
Event: 1.706 GC heap before
{Heap before GC invocations=3 (full 0):
 garbage-first heap   total 262144K, used 69173K [0x0000000701e00000, 0x0000000800000000)
  region size 1024K, 60 young (61440K), 7 survivors (7168K)
 Metaspace       used 33340K, capacity 33788K, committed 33840K, reserved 1079296K
  class space    used 4138K, capacity 4348K, committed 4400K, reserved 1048576K
}
Event: 1.715 GC heap after
{Heap after GC invocations=4 (full 0):
 garbage-first heap   total 262144K, used 21620K [0x0000000701e00000, 0x0000000800000000)
  region size 1024K, 8 young (8192K), 8 survivors (8192K)
 Metaspace       used 33340K, capacity 33788K, committed 33840K, reserved 1079296K
  class space    used 4138K, capacity 4348K, committed 4400K, reserved 1048576K
}
Event: 1.833 GC heap before
{Heap before GC invocations=4 (full 0):
 garbage-first heap   total 262144K, used 31860K [0x0000000701e00000, 0x0000000800000000)
  region size 1024K, 19 young (19456K), 8 survivors (8192K)
 Metaspace       used 35261K, capacity 35719K, committed 35888K, reserved 1081344K
  class space    used 4343K, capacity 4544K, committed 4656K, reserved 1048576K
}
Event: 1.842 GC heap after
{Heap after GC invocations=5 (full 0):
 garbage-first heap   total 262144K, used 23900K [0x0000000701e00000, 0x0000000800000000)
  region size 1024K, 7 young (7168K), 7 survivors (7168K)
 Metaspace       used 35261K, capacity 35719K, committed 35888K, reserved 1081344K
  class space    used 4343K, capacity 4544K, committed 4656K, reserved 1048576K
}
Event: 2.451 GC heap before
{Heap before GC invocations=6 (full 0):
 garbage-first heap   total 262144K, used 68956K [0x0000000701e00000, 0x0000000800000000)
  region size 1024K, 51 young (52224K), 7 survivors (7168K)
 Metaspace       used 44502K, capacity 45070K, committed 45232K, reserved 1089536K
  class space    used 5241K, capacity 5476K, committed 5552K, reserved 1048576K
}
Event: 2.457 GC heap after
{Heap after GC invocations=7 (full 0):
 garbage-first heap   total 262144K, used 25463K [0x0000000701e00000, 0x0000000800000000)
  region size 1024K, 6 young (6144K), 6 survivors (6144K)
 Metaspace       used 44502K, capacity 45070K, committed 45232K, reserved 1089536K
  class space    used 5241K, capacity 5476K, committed 5552K, reserved 1048576K
}
Event: 3.583 GC heap before
{Heap before GC invocations=7 (full 0):
 garbage-first heap   total 262144K, used 121719K [0x0000000701e00000, 0x0000000800000000)
  region size 1024K, 97 young (99328K), 6 survivors (6144K)
 Metaspace       used 56377K, capacity 57057K, committed 57392K, reserved 1099776K
  class space    used 6555K, capacity 6858K, committed 6960K, reserved 1048576K
}

