# JRE version: OpenJDK Runtime Environment (11.0.13) (build 11.0.13+0-b1751.21-8125866)
# Java VM: OpenJDK 64-Bit Server VM (11.0.13+0-b1751.21-8125866, mixed mode, tiered, compressed oops, g1 gc, windows-amd64)
Heap:
 garbage-first heap   total 262144K, used 206728K [0x0000000080000000, 0x0000000100000000)
  region size 1024K, 96 young (98304K), 7 survivors (7168K)
 Metaspace       used 110497K, capacity 112988K, committed 113252K, reserved 1148928K
  class space    used 13778K, capacity 14728K, committed 14848K, reserved 1048576K
GC Heap History (20 events):
Event: 8.045 GC heap before
{Heap before GC invocations=10 (full 0):
 garbage-first heap   total 262144K, used 182677K [0x0000000080000000, 0x0000000100000000)
  region size 1024K, 125 young (128000K), 4 survivors (4096K)
 Metaspace       used 69153K, capacity 70680K, committed 70736K, reserved 1110016K
  class space    used 8701K, capacity 9309K, committed 9344K, reserved 1048576K
}
Event: 8.051 GC heap after
{Heap after GC invocations=11 (full 0):
 garbage-first heap   total 262144K, used 59396K [0x0000000080000000, 0x0000000100000000)
  region size 1024K, 12 young (12288K), 12 survivors (12288K)
 Metaspace       used 69153K, capacity 70680K, committed 70736K, reserved 1110016K
  class space    used 8701K, capacity 9309K, committed 9344K, reserved 1048576K
}
Event: 9.160 GC heap before
{Heap before GC invocations=11 (full 0):
 garbage-first heap   total 262144K, used 183300K [0x0000000080000000, 0x0000000100000000)
  region size 1024K, 133 young (136192K), 12 survivors (12288K)
 Metaspace       used 78915K, capacity 80610K, committed 80976K, reserved 1120256K
  class space    used 10141K, capacity 10765K, committed 10880K, reserved 1048576K
}
Event: 9.169 GC heap after
{Heap after GC invocations=12 (full 0):
 garbage-first heap   total 262144K, used 67322K [0x0000000080000000, 0x0000000100000000)
  region size 1024K, 9 young (9216K), 9 survivors (9216K)
 Metaspace       used 78915K, capacity 80610K, committed 80976K, reserved 1120256K
  class space    used 10141K, capacity 10765K, committed 10880K, reserved 1048576K
}
Event: 10.327 GC heap before
{Heap before GC invocations=12 (full 0):
 garbage-first heap   total 262144K, used 190202K [0x0000000080000000, 0x0000000100000000)
  region size 1024K, 130 young (133120K), 9 survivors (9216K)
 Metaspace       used 89078K, capacity 91419K, committed 91728K, reserved 1128448K
  class space    used 11504K, capacity 12362K, committed 12416K, reserved 1048576K
}
Event: 10.340 GC heap after
{Heap after GC invocations=13 (full 0):
 garbage-first heap   total 262144K, used 76971K [0x0000000080000000, 0x0000000100000000)
  region size 1024K, 17 young (17408K), 17 survivors (17408K)
 Metaspace       used 89078K, capacity 91419K, committed 91728K, reserved 1128448K
  class space    used 11504K, capacity 12362K, committed 12416K, reserved 1048576K
}
Event: 11.092 GC heap before
{Heap before GC invocations=13 (full 0):
 garbage-first heap   total 262144K, used 196779K [0x0000000080000000, 0x0000000100000000)
  region size 1024K, 133 young (136192K), 17 survivors (17408K)
 Metaspace       used 91874K, capacity 94323K, committed 94416K, reserved 1130496K
  class space    used 11826K, capacity 12771K, committed 12800K, reserved 1048576K
}
Event: 11.108 GC heap after
{Heap after GC invocations=14 (full 0):
 garbage-first heap   total 262144K, used 97130K [0x0000000080000000, 0x0000000100000000)
  region size 1024K, 17 young (17408K), 17 survivors (17408K)
 Metaspace       used 91874K, capacity 94323K, committed 94416K, reserved 1130496K
  class space    used 11826K, capacity 12771K, committed 12800K, reserved 1048576K
}
Event: 11.837 GC heap before
{Heap before GC invocations=14 (full 0):
 garbage-first heap   total 262144K, used 220010K [0x0000000080000000, 0x0000000100000000)
  region size 1024K, 113 young (115712K), 17 survivors (17408K)
 Metaspace       used 96901K, capacity 99372K, committed 99536K, reserved 1136640K
  class space    used 12354K, capacity 13297K, committed 13312K, reserved 1048576K
}
Event: 11.848 GC heap after
{Heap after GC invocations=15 (full 0):
 garbage-first heap   total 262144K, used 108061K [0x0000000080000000, 0x0000000100000000)
  region size 1024K, 12 young (12288K), 12 survivors (12288K)
 Metaspace       used 96901K, capacity 99372K, committed 99536K, reserved 1136640K
  class space    used 12354K, capacity 13297K, committed 13312K, reserved 1048576K
}
Event: 12.194 GC heap before
{Heap before GC invocations=15 (full 0):
 garbage-first heap   total 262144K, used 200221K [0x0000000080000000, 0x0000000100000000)
  region size 1024K, 103 young (105472K), 12 survivors (12288K)
 Metaspace       used 97726K, capacity 100217K, committed 100432K, reserved 1136640K
  class space    used 12429K, capacity 13398K, committed 13440K, reserved 1048576K
}
Event: 12.205 GC heap after
{Heap after GC invocations=16 (full 0):
 garbage-first heap   total 262144K, used 116061K [0x0000000080000000, 0x0000000100000000)
  region size 1024K, 9 young (9216K), 9 survivors (9216K)
 Metaspace       used 97726K, capacity 100217K, committed 100432K, reserved 1136640K
  class space    used 12429K, capacity 13398K, committed 13440K, reserved 1048576K
}
Event: 12.316 GC heap before
{Heap before GC invocations=16 (full 0):
 garbage-first heap   total 262144K, used 145757K [0x0000000080000000, 0x0000000100000000)
  region size 1024K, 40 young (40960K), 9 survivors (9216K)
 Metaspace       used 98769K, capacity 101217K, committed 101328K, reserved 1136640K
  class space    used 12506K, capacity 13465K, committed 13568K, reserved 1048576K
}
Event: 12.325 GC heap after
{Heap after GC invocations=17 (full 0):
 garbage-first heap   total 262144K, used 118901K [0x0000000080000000, 0x0000000100000000)
  region size 1024K, 3 young (3072K), 3 survivors (3072K)
 Metaspace       used 98769K, capacity 101217K, committed 101328K, reserved 1136640K
  class space    used 12506K, capacity 13465K, committed 13568K, reserved 1048576K
}
Event: 12.906 GC heap before
{Heap before GC invocations=18 (full 0):
 garbage-first heap   total 262144K, used 201845K [0x0000000080000000, 0x0000000100000000)
  region size 1024K, 92 young (94208K), 3 survivors (3072K)
 Metaspace       used 100924K, capacity 103162K, committed 104292K, reserved 1140736K
  class space    used 12563K, capacity 13422K, committed 13824K, reserved 1048576K
}
Event: 12.912 GC heap after
{Heap after GC invocations=19 (full 0):
 garbage-first heap   total 262144K, used 116953K [0x0000000080000000, 0x0000000100000000)
  region size 1024K, 8 young (8192K), 8 survivors (8192K)
 Metaspace       used 100924K, capacity 103162K, committed 104292K, reserved 1140736K
  class space    used 12563K, capacity 13422K, committed 13824K, reserved 1048576K
}
Event: 12.919 GC heap before
{Heap before GC invocations=19 (full 0):
 garbage-first heap   total 262144K, used 120025K [0x0000000080000000, 0x0000000100000000)
  region size 1024K, 12 young (12288K), 8 survivors (8192K)
 Metaspace       used 100934K, capacity 103162K, committed 104292K, reserved 1140736K
  class space    used 12563K, capacity 13422K, committed 13824K, reserved 1048576K
}
Event: 12.924 GC heap after
{Heap after GC invocations=20 (full 0):
 garbage-first heap   total 262144K, used 113412K [0x0000000080000000, 0x0000000100000000)
  region size 1024K, 2 young (2048K), 2 survivors (2048K)
 Metaspace       used 100934K, capacity 103162K, committed 104292K, reserved 1140736K
  class space    used 12563K, capacity 13422K, committed 13824K, reserved 1048576K
}
Event: 15.211 GC heap before
{Heap before GC invocations=20 (full 0):
 garbage-first heap   total 262144K, used 207620K [0x0000000080000000, 0x0000000100000000)
  region size 1024K, 95 young (97280K), 2 survivors (2048K)
 Metaspace       used 105427K, capacity 107626K, committed 108644K, reserved 1144832K
  class space    used 13105K, capacity 13961K, committed 14336K, reserved 1048576K
}
Event: 15.217 GC heap after
{Heap after GC invocations=21 (full 0):
 garbage-first heap   total 262144K, used 118664K [0x0000000080000000, 0x0000000100000000)
  region size 1024K, 7 young (7168K), 7 survivors (7168K)
 Metaspace       used 105427K, capacity 107626K, committed 108644K, reserved 1144832K
  class space    used 13105K, capacity 13961K, committed 14336K, reserved 1048576K
}

