# JRE version: OpenJDK Runtime Environment (11.0.12+7) (build 11.0.12+7-b1504.28-7817840)
# Java VM: OpenJDK 64-Bit Server VM (11.0.12+7-b1504.28-7817840, mixed mode, tiered, compressed oops, g1 gc, windows-amd64)
Heap:
 garbage-first heap   total 262144K, used 215635K [0x0000000080000000, 0x0000000100000000)
  region size 1024K, 107 young (109568K), 2 survivors (2048K)
 Metaspace       used 106648K, capacity 109241K, committed 109648K, reserved 1144832K
  class space    used 13725K, capacity 14761K, committed 14928K, reserved 1048576K
GC Heap History (20 events):
Event: 6.576 GC heap before
{Heap before GC invocations=10 (full 0):
 garbage-first heap   total 262144K, used 188305K [0x0000000080000000, 0x0000000100000000)
  region size 1024K, 136 young (139264K), 4 survivors (4096K)
 Metaspace       used 69073K, capacity 70773K, committed 70864K, reserved 1110016K
  class space    used 8760K, capacity 9389K, committed 9424K, reserved 1048576K
}
Event: 6.583 GC heap after
{Heap after GC invocations=11 (full 0):
 garbage-first heap   total 262144K, used 61154K [0x0000000080000000, 0x0000000100000000)
  region size 1024K, 12 young (12288K), 12 survivors (12288K)
 Metaspace       used 69073K, capacity 70773K, committed 70864K, reserved 1110016K
  class space    used 8760K, capacity 9389K, committed 9424K, reserved 1048576K
}
Event: 8.013 GC heap before
{Heap before GC invocations=11 (full 0):
 garbage-first heap   total 262144K, used 193250K [0x0000000080000000, 0x0000000100000000)
  region size 1024K, 141 young (144384K), 12 survivors (12288K)
 Metaspace       used 81754K, capacity 83580K, committed 83920K, reserved 1122304K
  class space    used 10670K, capacity 11379K, committed 11472K, reserved 1048576K
}
Event: 8.022 GC heap after
{Heap after GC invocations=12 (full 0):
 garbage-first heap   total 262144K, used 69371K [0x0000000080000000, 0x0000000100000000)
  region size 1024K, 9 young (9216K), 9 survivors (9216K)
 Metaspace       used 81754K, capacity 83580K, committed 83920K, reserved 1122304K
  class space    used 10670K, capacity 11379K, committed 11472K, reserved 1048576K
}
Event: 8.875 GC heap before
{Heap before GC invocations=12 (full 0):
 garbage-first heap   total 262144K, used 197371K [0x0000000080000000, 0x0000000100000000)
  region size 1024K, 135 young (138240K), 9 survivors (9216K)
 Metaspace       used 89226K, capacity 91796K, committed 92112K, reserved 1128448K
  class space    used 11667K, capacity 12655K, committed 12752K, reserved 1048576K
}
Event: 8.885 GC heap after
{Heap after GC invocations=13 (full 0):
 garbage-first heap   total 262144K, used 79203K [0x0000000080000000, 0x0000000100000000)
  region size 1024K, 17 young (17408K), 17 survivors (17408K)
 Metaspace       used 89226K, capacity 91796K, committed 92112K, reserved 1128448K
  class space    used 11667K, capacity 12655K, committed 12752K, reserved 1048576K
}
Event: 9.552 GC heap before
{Heap before GC invocations=13 (full 0):
 garbage-first heap   total 262144K, used 201059K [0x0000000080000000, 0x0000000100000000)
  region size 1024K, 137 young (140288K), 17 survivors (17408K)
 Metaspace       used 93759K, capacity 96371K, committed 96592K, reserved 1132544K
  class space    used 12253K, capacity 13255K, committed 13392K, reserved 1048576K
}
Event: 9.567 GC heap after
{Heap after GC invocations=14 (full 0):
 garbage-first heap   total 262144K, used 85831K [0x0000000080000000, 0x0000000100000000)
  region size 1024K, 7 young (7168K), 7 survivors (7168K)
 Metaspace       used 93759K, capacity 96371K, committed 96592K, reserved 1132544K
  class space    used 12253K, capacity 13255K, committed 13392K, reserved 1048576K
}
Event: 10.102 GC heap before
{Heap before GC invocations=14 (full 0):
 garbage-first heap   total 262144K, used 191303K [0x0000000080000000, 0x0000000100000000)
  region size 1024K, 112 young (114688K), 7 survivors (7168K)
 Metaspace       used 98177K, capacity 100857K, committed 100944K, reserved 1136640K
  class space    used 12798K, capacity 13828K, committed 13904K, reserved 1048576K
}
Event: 10.114 GC heap after
{Heap after GC invocations=15 (full 0):
 garbage-first heap   total 262144K, used 96256K [0x0000000080000000, 0x0000000100000000)
  region size 1024K, 16 young (16384K), 16 survivors (16384K)
 Metaspace       used 98177K, capacity 100857K, committed 100944K, reserved 1136640K
  class space    used 12798K, capacity 13828K, committed 13904K, reserved 1048576K
}
Event: 10.966 GC heap before
{Heap before GC invocations=16 (full 0):
 garbage-first heap   total 262144K, used 205823K [0x0000000080000000, 0x0000000100000000)
  region size 1024K, 124 young (126976K), 16 survivors (16384K)
 Metaspace       used 104127K, capacity 106628K, committed 107216K, reserved 1142784K
  class space    used 13559K, capacity 14578K, committed 14800K, reserved 1048576K
}
Event: 10.983 GC heap after
{Heap after GC invocations=17 (full 0):
 garbage-first heap   total 262144K, used 108887K [0x0000000080000000, 0x0000000100000000)
  region size 1024K, 15 young (15360K), 15 survivors (15360K)
 Metaspace       used 104127K, capacity 106628K, committed 107216K, reserved 1142784K
  class space    used 13559K, capacity 14578K, committed 14800K, reserved 1048576K
}
Event: 11.717 GC heap before
{Heap before GC invocations=17 (full 0):
 garbage-first heap   total 262144K, used 208215K [0x0000000080000000, 0x0000000100000000)
  region size 1024K, 112 young (114688K), 15 survivors (15360K)
 Metaspace       used 105962K, capacity 108563K, committed 109136K, reserved 1142784K
  class space    used 13698K, capacity 14718K, committed 14928K, reserved 1048576K
}
Event: 11.727 GC heap after
{Heap after GC invocations=18 (full 0):
 garbage-first heap   total 262144K, used 109185K [0x0000000080000000, 0x0000000100000000)
  region size 1024K, 2 young (2048K), 2 survivors (2048K)
 Metaspace       used 105962K, capacity 108563K, committed 109136K, reserved 1142784K
  class space    used 13698K, capacity 14718K, committed 14928K, reserved 1048576K
}
Event: 12.084 GC heap before
{Heap before GC invocations=18 (full 0):
 garbage-first heap   total 262144K, used 212609K [0x0000000080000000, 0x0000000100000000)
  region size 1024K, 103 young (105472K), 2 survivors (2048K)
 Metaspace       used 106056K, capacity 108651K, committed 109136K, reserved 1142784K
  class space    used 13711K, capacity 14726K, committed 14928K, reserved 1048576K
}
Event: 12.088 GC heap after
{Heap after GC invocations=19 (full 0):
 garbage-first heap   total 262144K, used 108474K [0x0000000080000000, 0x0000000100000000)
  region size 1024K, 2 young (2048K), 2 survivors (2048K)
 Metaspace       used 106056K, capacity 108651K, committed 109136K, reserved 1142784K
  class space    used 13711K, capacity 14726K, committed 14928K, reserved 1048576K
}
Event: 12.480 GC heap before
{Heap before GC invocations=19 (full 0):
 garbage-first heap   total 262144K, used 214970K [0x0000000080000000, 0x0000000100000000)
  region size 1024K, 106 young (108544K), 2 survivors (2048K)
 Metaspace       used 106234K, capacity 108894K, committed 109392K, reserved 1144832K
  class space    used 13719K, capacity 14761K, committed 14928K, reserved 1048576K
}
Event: 12.486 GC heap after
{Heap after GC invocations=20 (full 0):
 garbage-first heap   total 262144K, used 108968K [0x0000000080000000, 0x0000000100000000)
  region size 1024K, 2 young (2048K), 2 survivors (2048K)
 Metaspace       used 106234K, capacity 108894K, committed 109392K, reserved 1144832K
  class space    used 13719K, capacity 14761K, committed 14928K, reserved 1048576K
}
Event: 12.855 GC heap before
{Heap before GC invocations=20 (full 0):
 garbage-first heap   total 262144K, used 218536K [0x0000000080000000, 0x0000000100000000)
  region size 1024K, 109 young (111616K), 2 survivors (2048K)
 Metaspace       used 106516K, capacity 109097K, committed 109392K, reserved 1144832K
  class space    used 13725K, capacity 14761K, committed 14928K, reserved 1048576K
}
Event: 12.865 GC heap after
{Heap after GC invocations=21 (full 0):
 garbage-first heap   total 262144K, used 109139K [0x0000000080000000, 0x0000000100000000)
  region size 1024K, 2 young (2048K), 2 survivors (2048K)
 Metaspace       used 106516K, capacity 109097K, committed 109392K, reserved 1144832K
  class space    used 13725K, capacity 14761K, committed 14928K, reserved 1048576K
}

