# JRE version: OpenJDK Runtime Environment (11.0.12+7) (build 11.0.12+7-b1504.28-7817840)
# Java VM: OpenJDK 64-Bit Server VM (11.0.12+7-b1504.28-7817840, mixed mode, tiered, compressed oops, g1 gc, windows-amd64)
Heap:
 garbage-first heap   total 422912K, used 217433K [0x0000000080000000, 0x0000000100000000)
  region size 1024K, 4 young (4096K), 4 survivors (4096K)
 Metaspace       used 102754K, capacity 105417K, committed 105720K, reserved 1140736K
  class space    used 13423K, capacity 14431K, committed 14584K, reserved 1048576K
GC Heap History (20 events):
Event: 8.014 GC heap after
{Heap after GC invocations=16 (full 0):
 garbage-first heap   total 262144K, used 81859K [0x0000000080000000, 0x0000000100000000)
  region size 1024K, 9 young (9216K), 9 survivors (9216K)
 Metaspace       used 89303K, capacity 91881K, committed 92024K, reserved 1128448K
  class space    used 11645K, capacity 12632K, committed 12664K, reserved 1048576K
}
Event: 8.389 GC heap before
{Heap before GC invocations=16 (full 0):
 garbage-first heap   total 262144K, used 186307K [0x0000000080000000, 0x0000000100000000)
  region size 1024K, 112 young (114688K), 9 survivors (9216K)
 Metaspace       used 90807K, capacity 93452K, committed 93560K, reserved 1130496K
  class space    used 11823K, capacity 12822K, committed 12920K, reserved 1048576K
}
Event: 8.397 GC heap after
{Heap after GC invocations=17 (full 0):
 garbage-first heap   total 262144K, used 87575K [0x0000000080000000, 0x0000000100000000)
  region size 1024K, 14 young (14336K), 14 survivors (14336K)
 Metaspace       used 90807K, capacity 93452K, committed 93560K, reserved 1130496K
  class space    used 11823K, capacity 12822K, committed 12920K, reserved 1048576K
}
Event: 8.745 GC heap before
{Heap before GC invocations=17 (full 0):
 garbage-first heap   total 262144K, used 205335K [0x0000000080000000, 0x0000000100000000)
  region size 1024K, 118 young (120832K), 14 survivors (14336K)
 Metaspace       used 96635K, capacity 99310K, committed 99448K, reserved 1134592K
  class space    used 12585K, capacity 13589K, committed 13688K, reserved 1048576K
}
Event: 8.754 GC heap after
{Heap after GC invocations=18 (full 0):
 garbage-first heap   total 262144K, used 108145K [0x0000000080000000, 0x0000000100000000)
  region size 1024K, 15 young (15360K), 15 survivors (15360K)
 Metaspace       used 96635K, capacity 99310K, committed 99448K, reserved 1134592K
  class space    used 12585K, capacity 13589K, committed 13688K, reserved 1048576K
}
Event: 8.780 GC heap before
{Heap before GC invocations=18 (full 0):
 garbage-first heap   total 262144K, used 148081K [0x0000000080000000, 0x0000000100000000)
  region size 1024K, 32 young (32768K), 15 survivors (15360K)
 Metaspace       used 97043K, capacity 99743K, committed 99960K, reserved 1136640K
  class space    used 12642K, capacity 13629K, committed 13688K, reserved 1048576K
}
Event: 8.787 GC heap after
{Heap after GC invocations=19 (full 0):
 garbage-first heap   total 262144K, used 127070K [0x0000000080000000, 0x0000000100000000)
  region size 1024K, 7 young (7168K), 7 survivors (7168K)
 Metaspace       used 97043K, capacity 99743K, committed 99960K, reserved 1136640K
  class space    used 12642K, capacity 13629K, committed 13688K, reserved 1048576K
}
Event: 9.005 GC heap before
{Heap before GC invocations=20 (full 0):
 garbage-first heap   total 262144K, used 175198K [0x0000000080000000, 0x0000000100000000)
  region size 1024K, 50 young (51200K), 7 survivors (7168K)
 Metaspace       used 97018K, capacity 99152K, committed 100600K, reserved 1136640K
  class space    used 12478K, capacity 13273K, committed 13816K, reserved 1048576K
}
Event: 9.018 GC heap after
{Heap after GC invocations=21 (full 0):
 garbage-first heap   total 262144K, used 142336K [0x0000000080000000, 0x0000000100000000)
  region size 1024K, 9 young (9216K), 9 survivors (9216K)
 Metaspace       used 97018K, capacity 99152K, committed 100600K, reserved 1136640K
  class space    used 12478K, capacity 13273K, committed 13816K, reserved 1048576K
}
Event: 9.269 GC heap before
{Heap before GC invocations=22 (full 0):
 garbage-first heap   total 262144K, used 195584K [0x0000000080000000, 0x0000000100000000)
  region size 1024K, 60 young (61440K), 9 survivors (9216K)
 Metaspace       used 99433K, capacity 101743K, committed 102776K, reserved 1138688K
  class space    used 12987K, capacity 13880K, committed 14200K, reserved 1048576K
}
Event: 9.294 GC heap after
{Heap after GC invocations=23 (full 0):
 garbage-first heap   total 262144K, used 165163K [0x0000000080000000, 0x0000000100000000)
  region size 1024K, 8 young (8192K), 8 survivors (8192K)
 Metaspace       used 99433K, capacity 101743K, committed 102776K, reserved 1138688K
  class space    used 12987K, capacity 13880K, committed 14200K, reserved 1048576K
}
Event: 9.350 GC heap before
{Heap before GC invocations=23 (full 0):
 garbage-first heap   total 262144K, used 202027K [0x0000000080000000, 0x0000000100000000)
  region size 1024K, 44 young (45056K), 8 survivors (8192K)
 Metaspace       used 99542K, capacity 101949K, committed 103032K, reserved 1138688K
  class space    used 12987K, capacity 13880K, committed 14200K, reserved 1048576K
}
Event: 9.373 GC heap after
{Heap after GC invocations=24 (full 0):
 garbage-first heap   total 315392K, used 184320K [0x0000000080000000, 0x0000000100000000)
  region size 1024K, 6 young (6144K), 6 survivors (6144K)
 Metaspace       used 99542K, capacity 101949K, committed 103032K, reserved 1138688K
  class space    used 12987K, capacity 13880K, committed 14200K, reserved 1048576K
}
Event: 9.438 GC heap before
{Heap before GC invocations=24 (full 0):
 garbage-first heap   total 315392K, used 231424K [0x0000000080000000, 0x0000000100000000)
  region size 1024K, 52 young (53248K), 6 survivors (6144K)
 Metaspace       used 99570K, capacity 101953K, committed 103032K, reserved 1138688K
  class space    used 12987K, capacity 13880K, committed 14200K, reserved 1048576K
}
Event: 9.455 GC heap after
{Heap after GC invocations=25 (full 0):
 garbage-first heap   total 315392K, used 209920K [0x0000000080000000, 0x0000000100000000)
  region size 1024K, 7 young (7168K), 7 survivors (7168K)
 Metaspace       used 99570K, capacity 101953K, committed 103032K, reserved 1138688K
  class space    used 12987K, capacity 13880K, committed 14200K, reserved 1048576K
}
Event: 9.738 GC heap before
{Heap before GC invocations=26 (full 0):
 garbage-first heap   total 315392K, used 244736K [0x0000000080000000, 0x0000000100000000)
  region size 1024K, 42 young (43008K), 7 survivors (7168K)
 Metaspace       used 101702K, capacity 104204K, committed 104824K, reserved 1140736K
  class space    used 13293K, capacity 14240K, committed 14456K, reserved 1048576K
}
Event: 9.752 GC heap after
{Heap after GC invocations=27 (full 0):
 garbage-first heap   total 315392K, used 222054K [0x0000000080000000, 0x0000000100000000)
  region size 1024K, 6 young (6144K), 6 survivors (6144K)
 Metaspace       used 101702K, capacity 104204K, committed 104824K, reserved 1140736K
  class space    used 13293K, capacity 14240K, committed 14456K, reserved 1048576K
}
Event: 9.945 GC heap before
{Heap before GC invocations=27 (full 0):
 garbage-first heap   total 315392K, used 252774K [0x0000000080000000, 0x0000000100000000)
  region size 1024K, 36 young (36864K), 6 survivors (6144K)
 Metaspace       used 102576K, capacity 105209K, committed 105336K, reserved 1140736K
  class space    used 13427K, capacity 14444K, committed 14456K, reserved 1048576K
}
Event: 9.957 GC heap after
{Heap after GC invocations=28 (full 0):
 garbage-first heap   total 315392K, used 227432K [0x0000000080000000, 0x0000000100000000)
  region size 1024K, 4 young (4096K), 4 survivors (4096K)
 Metaspace       used 102576K, capacity 105209K, committed 105336K, reserved 1140736K
  class space    used 13427K, capacity 14444K, committed 14456K, reserved 1048576K
}
Event: 10.140 GC heap before
{Heap before GC invocations=28 (full 0):
 garbage-first heap   total 315392K, used 242792K [0x0000000080000000, 0x0000000100000000)
  region size 1024K, 33 young (33792K), 4 survivors (4096K)
 Metaspace       used 102754K, capacity 105417K, committed 105720K, reserved 1140736K
  class space    used 13423K, capacity 14431K, committed 14584K, reserved 1048576K
}

